  MyForm.cpp
c:\users\xtended\source\repos\ret\zedgraph_dll_v5.1.5\zedgraph.dll : warning C4945: 'ZedGraphControl': cannot import symbol from 'c:\users\xtended\source\repos\ret\zedgraph_dll_v5.1.5\zedgraph.dll': as 'ZedGraph::ZedGraphControl' has already been imported from another assembly 'ZedGraph'
  c:\users\xtended\source\repos\ret\zedgraph_dll_v5.1.5\zedgraph.dll: note: first seen type is used; re-order imported assemblies to use the current type
  c:\users\xtended\source\repos\ret\zedgraph_dll_v5.1.5\zedgraph.dll: note: This diagnostic occurred while importing type 'ZedGraph.ZedGraphControl' from assembly 'ZedGraph, Version=5.1.5.28844, Culture=neutral, PublicKeyToken=02a83cbd123fcd60'.
c:\users\xtended\source\repos\ret\zedgraph_dll_v5.1.5\zedgraph.dll : warning C4945: 'YAxisList': cannot import symbol from 'c:\users\xtended\source\repos\ret\zedgraph_dll_v5.1.5\zedgraph.dll': as 'ZedGraph::YAxisList' has already been imported from another assembly 'ZedGraph'
  c:\users\xtended\source\repos\ret\zedgraph_dll_v5.1.5\zedgraph.dll: note: first seen type is used; re-order imported assemblies to use the current type
  c:\users\xtended\source\repos\ret\zedgraph_dll_v5.1.5\zedgraph.dll: note: This diagnostic occurred while importing type 'ZedGraph.YAxisList' from assembly 'ZedGraph, Version=5.1.5.28844, Culture=neutral, PublicKeyToken=02a83cbd123fcd60'.
c:\users\xtended\source\repos\ret\zedgraph_dll_v5.1.5\zedgraph.dll : warning C4945: 'PointPairBase': cannot import symbol from 'c:\users\xtended\source\repos\ret\zedgraph_dll_v5.1.5\zedgraph.dll': as 'ZedGraph::PointPairBase' has already been imported from another assembly 'ZedGraph'
  c:\users\xtended\source\repos\ret\zedgraph_dll_v5.1.5\zedgraph.dll: note: first seen type is used; re-order imported assemblies to use the current type
  c:\users\xtended\source\repos\ret\zedgraph_dll_v5.1.5\zedgraph.dll: note: This diagnostic occurred while importing type 'ZedGraph.PointPairBase' from assembly 'ZedGraph, Version=5.1.5.28844, Culture=neutral, PublicKeyToken=02a83cbd123fcd60'.
c:\users\xtended\source\repos\ret\zedgraph_dll_v5.1.5\zedgraph.dll : warning C4945: 'PointPair': cannot import symbol from 'c:\users\xtended\source\repos\ret\zedgraph_dll_v5.1.5\zedgraph.dll': as 'ZedGraph::PointPair' has already been imported from another assembly 'ZedGraph'
  c:\users\xtended\source\repos\ret\zedgraph_dll_v5.1.5\zedgraph.dll: note: first seen type is used; re-order imported assemblies to use the current type
  c:\users\xtended\source\repos\ret\zedgraph_dll_v5.1.5\zedgraph.dll: note: This diagnostic occurred while importing type 'ZedGraph.PointPair' from assembly 'ZedGraph, Version=5.1.5.28844, Culture=neutral, PublicKeyToken=02a83cbd123fcd60'.
c:\users\xtended\source\repos\ret\zedgraph_dll_v5.1.5\zedgraph.dll : warning C4945: 'StockPt': cannot import symbol from 'c:\users\xtended\source\repos\ret\zedgraph_dll_v5.1.5\zedgraph.dll': as 'ZedGraph::StockPt' has already been imported from another assembly 'ZedGraph'
  c:\users\xtended\source\repos\ret\zedgraph_dll_v5.1.5\zedgraph.dll: note: first seen type is used; re-order imported assemblies to use the current type
  c:\users\xtended\source\repos\ret\zedgraph_dll_v5.1.5\zedgraph.dll: note: This diagnostic occurred while importing type 'ZedGraph.StockPt' from assembly 'ZedGraph, Version=5.1.5.28844, Culture=neutral, PublicKeyToken=02a83cbd123fcd60'.
c:\users\xtended\source\repos\ret\zedgraph_dll_v5.1.5\zedgraph.dll : warning C4945: 'GraphObj': cannot import symbol from 'c:\users\xtended\source\repos\ret\zedgraph_dll_v5.1.5\zedgraph.dll': as 'ZedGraph::GraphObj' has already been imported from another assembly 'ZedGraph'
  c:\users\xtended\source\repos\ret\zedgraph_dll_v5.1.5\zedgraph.dll: note: first seen type is used; re-order imported assemblies to use the current type
  c:\users\xtended\source\repos\ret\zedgraph_dll_v5.1.5\zedgraph.dll: note: This diagnostic occurred while importing type 'ZedGraph.GraphObj' from assembly 'ZedGraph, Version=5.1.5.28844, Culture=neutral, PublicKeyToken=02a83cbd123fcd60'.
c:\users\xtended\source\repos\ret\zedgraph_dll_v5.1.5\zedgraph.dll : warning C4945: 'ZoomState': cannot import symbol from 'c:\users\xtended\source\repos\ret\zedgraph_dll_v5.1.5\zedgraph.dll': as 'ZedGraph::ZoomState' has already been imported from another assembly 'ZedGraph'
  c:\users\xtended\source\repos\ret\zedgraph_dll_v5.1.5\zedgraph.dll: note: first seen type is used; re-order imported assemblies to use the current type
  c:\users\xtended\source\repos\ret\zedgraph_dll_v5.1.5\zedgraph.dll: note: This diagnostic occurred while importing type 'ZedGraph.ZoomState' from assembly 'ZedGraph, Version=5.1.5.28844, Culture=neutral, PublicKeyToken=02a83cbd123fcd60'.
c:\users\xtended\source\repos\ret\zedgraph_dll_v5.1.5\zedgraph.dll : warning C4945: 'ValueHandler': cannot import symbol from 'c:\users\xtended\source\repos\ret\zedgraph_dll_v5.1.5\zedgraph.dll': as 'ZedGraph::ValueHandler' has already been imported from another assembly 'ZedGraph'
  c:\users\xtended\source\repos\ret\zedgraph_dll_v5.1.5\zedgraph.dll: note: first seen type is used; re-order imported assemblies to use the current type
  c:\users\xtended\source\repos\ret\zedgraph_dll_v5.1.5\zedgraph.dll: note: This diagnostic occurred while importing type 'ZedGraph.ValueHandler' from assembly 'ZedGraph, Version=5.1.5.28844, Culture=neutral, PublicKeyToken=02a83cbd123fcd60'.
c:\users\xtended\source\repos\ret\zedgraph_dll_v5.1.5\zedgraph.dll : warning C4945: 'CurveList': cannot import symbol from 'c:\users\xtended\source\repos\ret\zedgraph_dll_v5.1.5\zedgraph.dll': as 'ZedGraph::CurveList' has already been imported from another assembly 'ZedGraph'
  c:\users\xtended\source\repos\ret\zedgraph_dll_v5.1.5\zedgraph.dll: note: first seen type is used; re-order imported assemblies to use the current type
  c:\users\xtended\source\repos\ret\zedgraph_dll_v5.1.5\zedgraph.dll: note: This diagnostic occurred while importing type 'ZedGraph.CurveList' from assembly 'ZedGraph, Version=5.1.5.28844, Culture=neutral, PublicKeyToken=02a83cbd123fcd60'.
c:\users\xtended\source\repos\ret\zedgraph_dll_v5.1.5\zedgraph.dll : warning C4945: 'Selection': cannot import symbol from 'c:\users\xtended\source\repos\ret\zedgraph_dll_v5.1.5\zedgraph.dll': as 'ZedGraph::Selection' has already been imported from another assembly 'ZedGraph'
  c:\users\xtended\source\repos\ret\zedgraph_dll_v5.1.5\zedgraph.dll: note: first seen type is used; re-order imported assemblies to use the current type
  c:\users\xtended\source\repos\ret\zedgraph_dll_v5.1.5\zedgraph.dll: note: This diagnostic occurred while importing type 'ZedGraph.Selection' from assembly 'ZedGraph, Version=5.1.5.28844, Culture=neutral, PublicKeyToken=02a83cbd123fcd60'.
c:\users\xtended\source\repos\ret\zedgraph_dll_v5.1.5\zedgraph.dll : warning C4945: 'IPointList': cannot import symbol from 'c:\users\xtended\source\repos\ret\zedgraph_dll_v5.1.5\zedgraph.dll': as 'ZedGraph::IPointList' has already been imported from another assembly 'ZedGraph'
  c:\users\xtended\source\repos\ret\zedgraph_dll_v5.1.5\zedgraph.dll: note: first seen type is used; re-order imported assemblies to use the current type
  c:\users\xtended\source\repos\ret\zedgraph_dll_v5.1.5\zedgraph.dll: note: This diagnostic occurred while importing type 'ZedGraph.IPointList' from assembly 'ZedGraph, Version=5.1.5.28844, Culture=neutral, PublicKeyToken=02a83cbd123fcd60'.
c:\users\xtended\source\repos\ret\zedgraph_dll_v5.1.5\zedgraph.dll : warning C4945: 'IPointListEdit': cannot import symbol from 'c:\users\xtended\source\repos\ret\zedgraph_dll_v5.1.5\zedgraph.dll': as 'ZedGraph::IPointListEdit' has already been imported from another assembly 'ZedGraph'
  c:\users\xtended\source\repos\ret\zedgraph_dll_v5.1.5\zedgraph.dll: note: first seen type is used; re-order imported assemblies to use the current type
  c:\users\xtended\source\repos\ret\zedgraph_dll_v5.1.5\zedgraph.dll: note: This diagnostic occurred while importing type 'ZedGraph.IPointListEdit' from assembly 'ZedGraph, Version=5.1.5.28844, Culture=neutral, PublicKeyToken=02a83cbd123fcd60'.
c:\users\xtended\source\repos\ret\zedgraph_dll_v5.1.5\zedgraph.dll : warning C4945: 'RadarPointList': cannot import symbol from 'c:\users\xtended\source\repos\ret\zedgraph_dll_v5.1.5\zedgraph.dll': as 'ZedGraph::RadarPointList' has already been imported from another assembly 'ZedGraph'
  c:\users\xtended\source\repos\ret\zedgraph_dll_v5.1.5\zedgraph.dll: note: first seen type is used; re-order imported assemblies to use the current type
  c:\users\xtended\source\repos\ret\zedgraph_dll_v5.1.5\zedgraph.dll: note: This diagnostic occurred while importing type 'ZedGraph.RadarPointList' from assembly 'ZedGraph, Version=5.1.5.28844, Culture=neutral, PublicKeyToken=02a83cbd123fcd60'.
c:\users\xtended\source\repos\ret\zedgraph_dll_v5.1.5\zedgraph.dll : warning C4945: 'LineBase': cannot import symbol from 'c:\users\xtended\source\repos\ret\zedgraph_dll_v5.1.5\zedgraph.dll': as 'ZedGraph::LineBase' has already been imported from another assembly 'ZedGraph'
  c:\users\xtended\source\repos\ret\zedgraph_dll_v5.1.5\zedgraph.dll: note: first seen type is used; re-order imported assemblies to use the current type
  c:\users\xtended\source\repos\ret\zedgraph_dll_v5.1.5\zedgraph.dll: note: This diagnostic occurred while importing type 'ZedGraph.LineBase' from assembly 'ZedGraph, Version=5.1.5.28844, Culture=neutral, PublicKeyToken=02a83cbd123fcd60'.
c:\users\xtended\source\repos\ret\zedgraph_dll_v5.1.5\zedgraph.dll : warning C4945: 'GraphObjList': cannot import symbol from 'c:\users\xtended\source\repos\ret\zedgraph_dll_v5.1.5\zedgraph.dll': as 'ZedGraph::GraphObjList' has already been imported from another assembly 'ZedGraph'
  c:\users\xtended\source\repos\ret\zedgraph_dll_v5.1.5\zedgraph.dll: note: first seen type is used; re-order imported assemblies to use the current type
  c:\users\xtended\source\repos\ret\zedgraph_dll_v5.1.5\zedgraph.dll: note: This diagnostic occurred while importing type 'ZedGraph.GraphObjList' from assembly 'ZedGraph, Version=5.1.5.28844, Culture=neutral, PublicKeyToken=02a83cbd123fcd60'.
c:\users\xtended\source\repos\ret\zedgraph_dll_v5.1.5\zedgraph.dll : warning C4945: 'Label': cannot import symbol from 'c:\users\xtended\source\repos\ret\zedgraph_dll_v5.1.5\zedgraph.dll': as 'ZedGraph::Label' has already been imported from another assembly 'ZedGraph'
  c:\users\xtended\source\repos\ret\zedgraph_dll_v5.1.5\zedgraph.dll: note: first seen type is used; re-order imported assemblies to use the current type
  c:\users\xtended\source\repos\ret\zedgraph_dll_v5.1.5\zedgraph.dll: note: This diagnostic occurred while importing type 'ZedGraph.Label' from assembly 'ZedGraph, Version=5.1.5.28844, Culture=neutral, PublicKeyToken=02a83cbd123fcd60'.
c:\users\xtended\source\repos\ret\zedgraph_dll_v5.1.5\zedgraph.dll : warning C4945: 'GapLabel': cannot import symbol from 'c:\users\xtended\source\repos\ret\zedgraph_dll_v5.1.5\zedgraph.dll': as 'ZedGraph::GapLabel' has already been imported from another assembly 'ZedGraph'
  c:\users\xtended\source\repos\ret\zedgraph_dll_v5.1.5\zedgraph.dll: note: first seen type is used; re-order imported assemblies to use the current type
  c:\users\xtended\source\repos\ret\zedgraph_dll_v5.1.5\zedgraph.dll: note: This diagnostic occurred while importing type 'ZedGraph.GapLabel' from assembly 'ZedGraph, Version=5.1.5.28844, Culture=neutral, PublicKeyToken=02a83cbd123fcd60'.
c:\users\xtended\source\repos\ret\zedgraph_dll_v5.1.5\zedgraph.dll : warning C4945: 'Chart': cannot import symbol from 'c:\users\xtended\source\repos\ret\zedgraph_dll_v5.1.5\zedgraph.dll': as 'ZedGraph::Chart' has already been imported from another assembly 'ZedGraph'
  c:\users\xtended\source\repos\ret\zedgraph_dll_v5.1.5\zedgraph.dll: note: first seen type is used; re-order imported assemblies to use the current type
  c:\users\xtended\source\repos\ret\zedgraph_dll_v5.1.5\zedgraph.dll: note: This diagnostic occurred while importing type 'ZedGraph.Chart' from assembly 'ZedGraph, Version=5.1.5.28844, Culture=neutral, PublicKeyToken=02a83cbd123fcd60'.
c:\users\xtended\source\repos\ret\zedgraph_dll_v5.1.5\zedgraph.dll : warning C4945: 'CurveItem': cannot import symbol from 'c:\users\xtended\source\repos\ret\zedgraph_dll_v5.1.5\zedgraph.dll': as 'ZedGraph::CurveItem' has already been imported from another assembly 'ZedGraph'
  c:\users\xtended\source\repos\ret\zedgraph_dll_v5.1.5\zedgraph.dll: note: first seen type is used; re-order imported assemblies to use the current type
  c:\users\xtended\source\repos\ret\zedgraph_dll_v5.1.5\zedgraph.dll: note: This diagnostic occurred while importing type 'ZedGraph.CurveItem' from assembly 'ZedGraph, Version=5.1.5.28844, Culture=neutral, PublicKeyToken=02a83cbd123fcd60'.
c:\users\xtended\source\repos\ret\zedgraph_dll_v5.1.5\zedgraph.dll : warning C4945: 'OHLCBarItem': cannot import symbol from 'c:\users\xtended\source\repos\ret\zedgraph_dll_v5.1.5\zedgraph.dll': as 'ZedGraph::OHLCBarItem' has already been imported from another assembly 'ZedGraph'
  c:\users\xtended\source\repos\ret\zedgraph_dll_v5.1.5\zedgraph.dll: note: first seen type is used; re-order imported assemblies to use the current type
  c:\users\xtended\source\repos\ret\zedgraph_dll_v5.1.5\zedgraph.dll: note: This diagnostic occurred while importing type 'ZedGraph.OHLCBarItem' from assembly 'ZedGraph, Version=5.1.5.28844, Culture=neutral, PublicKeyToken=02a83cbd123fcd60'.
c:\users\xtended\source\repos\ret\zedgraph_dll_v5.1.5\zedgraph.dll : warning C4945: 'ScaleState': cannot import symbol from 'c:\users\xtended\source\repos\ret\zedgraph_dll_v5.1.5\zedgraph.dll': as 'ZedGraph::ScaleState' has already been imported from another assembly 'ZedGraph'
  c:\users\xtended\source\repos\ret\zedgraph_dll_v5.1.5\zedgraph.dll: note: first seen type is used; re-order imported assemblies to use the current type
  c:\users\xtended\source\repos\ret\zedgraph_dll_v5.1.5\zedgraph.dll: note: This diagnostic occurred while importing type 'ZedGraph.ScaleState' from assembly 'ZedGraph, Version=5.1.5.28844, Culture=neutral, PublicKeyToken=02a83cbd123fcd60'.
c:\users\xtended\source\repos\ret\zedgraph_dll_v5.1.5\zedgraph.dll : warning C4945: 'Scale': cannot import symbol from 'c:\users\xtended\source\repos\ret\zedgraph_dll_v5.1.5\zedgraph.dll': as 'ZedGraph::Scale' has already been imported from another assembly 'ZedGraph'
  c:\users\xtended\source\repos\ret\zedgraph_dll_v5.1.5\zedgraph.dll: note: first seen type is used; re-order imported assemblies to use the current type
  c:\users\xtended\source\repos\ret\zedgraph_dll_v5.1.5\zedgraph.dll: note: This diagnostic occurred while importing type 'ZedGraph.Scale' from assembly 'ZedGraph, Version=5.1.5.28844, Culture=neutral, PublicKeyToken=02a83cbd123fcd60'.
c:\users\xtended\source\repos\ret\zedgraph_dll_v5.1.5\zedgraph.dll : warning C4945: 'MinorGrid': cannot import symbol from 'c:\users\xtended\source\repos\ret\zedgraph_dll_v5.1.5\zedgraph.dll': as 'ZedGraph::MinorGrid' has already been imported from another assembly 'ZedGraph'
  c:\users\xtended\source\repos\ret\zedgraph_dll_v5.1.5\zedgraph.dll: note: first seen type is used; re-order imported assemblies to use the current type
  c:\users\xtended\source\repos\ret\zedgraph_dll_v5.1.5\zedgraph.dll: note: This diagnostic occurred while importing type 'ZedGraph.MinorGrid' from assembly 'ZedGraph, Version=5.1.5.28844, Culture=neutral, PublicKeyToken=02a83cbd123fcd60'.
c:\users\xtended\source\repos\ret\zedgraph_dll_v5.1.5\zedgraph.dll : warning C4945: 'Location': cannot import symbol from 'c:\users\xtended\source\repos\ret\zedgraph_dll_v5.1.5\zedgraph.dll': as 'ZedGraph::Location' has already been imported from another assembly 'ZedGraph'
  c:\users\xtended\source\repos\ret\zedgraph_dll_v5.1.5\zedgraph.dll: note: first seen type is used; re-order imported assemblies to use the current type
  c:\users\xtended\source\repos\ret\zedgraph_dll_v5.1.5\zedgraph.dll: note: This diagnostic occurred while importing type 'ZedGraph.Location' from assembly 'ZedGraph, Version=5.1.5.28844, Culture=neutral, PublicKeyToken=02a83cbd123fcd60'.
c:\users\xtended\source\repos\ret\zedgraph_dll_v5.1.5\zedgraph.dll : warning C4945: 'OHLCBar': cannot import symbol from 'c:\users\xtended\source\repos\ret\zedgraph_dll_v5.1.5\zedgraph.dll': as 'ZedGraph::OHLCBar' has already been imported from another assembly 'ZedGraph'
  c:\users\xtended\source\repos\ret\zedgraph_dll_v5.1.5\zedgraph.dll: note: first seen type is used; re-order imported assemblies to use the current type
  c:\users\xtended\source\repos\ret\zedgraph_dll_v5.1.5\zedgraph.dll: note: This diagnostic occurred while importing type 'ZedGraph.OHLCBar' from assembly 'ZedGraph, Version=5.1.5.28844, Culture=neutral, PublicKeyToken=02a83cbd123fcd60'.
c:\users\xtended\source\repos\ret\zedgraph_dll_v5.1.5\zedgraph.dll : warning C4945: 'JapaneseCandleStick': cannot import symbol from 'c:\users\xtended\source\repos\ret\zedgraph_dll_v5.1.5\zedgraph.dll': as 'ZedGraph::JapaneseCandleStick' has already been imported from another assembly 'ZedGraph'
  c:\users\xtended\source\repos\ret\zedgraph_dll_v5.1.5\zedgraph.dll: note: first seen type is used; re-order imported assemblies to use the current type
  c:\users\xtended\source\repos\ret\zedgraph_dll_v5.1.5\zedgraph.dll: note: This diagnostic occurred while importing type 'ZedGraph.JapaneseCandleStick' from assembly 'ZedGraph, Version=5.1.5.28844, Culture=neutral, PublicKeyToken=02a83cbd123fcd60'.
c:\users\xtended\source\repos\ret\zedgraph_dll_v5.1.5\zedgraph.dll : warning C4945: 'Y2AxisList': cannot import symbol from 'c:\users\xtended\source\repos\ret\zedgraph_dll_v5.1.5\zedgraph.dll': as 'ZedGraph::Y2AxisList' has already been imported from another assembly 'ZedGraph'
  c:\users\xtended\source\repos\ret\zedgraph_dll_v5.1.5\zedgraph.dll: note: first seen type is used; re-order imported assemblies to use the current type
  c:\users\xtended\source\repos\ret\zedgraph_dll_v5.1.5\zedgraph.dll: note: This diagnostic occurred while importing type 'ZedGraph.Y2AxisList' from assembly 'ZedGraph, Version=5.1.5.28844, Culture=neutral, PublicKeyToken=02a83cbd123fcd60'.
c:\users\xtended\source\repos\ret\zedgraph_dll_v5.1.5\zedgraph.dll : warning C4945: 'ScaleStateList': cannot import symbol from 'c:\users\xtended\source\repos\ret\zedgraph_dll_v5.1.5\zedgraph.dll': as 'ZedGraph::ScaleStateList' has already been imported from another assembly 'ZedGraph'
  c:\users\xtended\source\repos\ret\zedgraph_dll_v5.1.5\zedgraph.dll: note: first seen type is used; re-order imported assemblies to use the current type
  c:\users\xtended\source\repos\ret\zedgraph_dll_v5.1.5\zedgraph.dll: note: This diagnostic occurred while importing type 'ZedGraph.ScaleStateList' from assembly 'ZedGraph, Version=5.1.5.28844, Culture=neutral, PublicKeyToken=02a83cbd123fcd60'.
c:\users\xtended\source\repos\ret\zedgraph_dll_v5.1.5\zedgraph.dll : warning C4945: 'PaneBase': cannot import symbol from 'c:\users\xtended\source\repos\ret\zedgraph_dll_v5.1.5\zedgraph.dll': as 'ZedGraph::PaneBase' has already been imported from another assembly 'ZedGraph'
  c:\users\xtended\source\repos\ret\zedgraph_dll_v5.1.5\zedgraph.dll: note: first seen type is used; re-order imported assemblies to use the current type
  c:\users\xtended\source\repos\ret\zedgraph_dll_v5.1.5\zedgraph.dll: note: This diagnostic occurred while importing type 'ZedGraph.PaneBase' from assembly 'ZedGraph, Version=5.1.5.28844, Culture=neutral, PublicKeyToken=02a83cbd123fcd60'.
c:\users\xtended\source\repos\ret\zedgraph_dll_v5.1.5\zedgraph.dll : warning C4945: 'MasterPane': cannot import symbol from 'c:\users\xtended\source\repos\ret\zedgraph_dll_v5.1.5\zedgraph.dll': as 'ZedGraph::MasterPane' has already been imported from another assembly 'ZedGraph'
  c:\users\xtended\source\repos\ret\zedgraph_dll_v5.1.5\zedgraph.dll: note: first seen type is used; re-order imported assemblies to use the current type
  c:\users\xtended\source\repos\ret\zedgraph_dll_v5.1.5\zedgraph.dll: note: This diagnostic occurred while importing type 'ZedGraph.MasterPane' from assembly 'ZedGraph, Version=5.1.5.28844, Culture=neutral, PublicKeyToken=02a83cbd123fcd60'.
c:\users\xtended\source\repos\ret\zedgraph_dll_v5.1.5\zedgraph.dll : warning C4945: 'GasGaugeRegion': cannot import symbol from 'c:\users\xtended\source\repos\ret\zedgraph_dll_v5.1.5\zedgraph.dll': as 'ZedGraph::GasGaugeRegion' has already been imported from another assembly 'ZedGraph'
  c:\users\xtended\source\repos\ret\zedgraph_dll_v5.1.5\zedgraph.dll: note: first seen type is used; re-order imported assemblies to use the current type
  c:\users\xtended\source\repos\ret\zedgraph_dll_v5.1.5\zedgraph.dll: note: This diagnostic occurred while importing type 'ZedGraph.GasGaugeRegion' from assembly 'ZedGraph, Version=5.1.5.28844, Culture=neutral, PublicKeyToken=02a83cbd123fcd60'.
c:\users\xtended\source\repos\ret\zedgraph_dll_v5.1.5\zedgraph.dll : warning C4945: 'ColorSymbolRotator': cannot import symbol from 'c:\users\xtended\source\repos\ret\zedgraph_dll_v5.1.5\zedgraph.dll': as 'ZedGraph::ColorSymbolRotator' has already been imported from another assembly 'ZedGraph'
  c:\users\xtended\source\repos\ret\zedgraph_dll_v5.1.5\zedgraph.dll: note: first seen type is used; re-order imported assemblies to use the current type
  c:\users\xtended\source\repos\ret\zedgraph_dll_v5.1.5\zedgraph.dll: note: This diagnostic occurred while importing type 'ZedGraph.ColorSymbolRotator' from assembly 'ZedGraph, Version=5.1.5.28844, Culture=neutral, PublicKeyToken=02a83cbd123fcd60'.
c:\users\xtended\source\repos\ret\zedgraph_dll_v5.1.5\zedgraph.dll : warning C4945: 'AxisType': cannot import symbol from 'c:\users\xtended\source\repos\ret\zedgraph_dll_v5.1.5\zedgraph.dll': as 'ZedGraph::AxisType' has already been imported from another assembly 'ZedGraph'
  c:\users\xtended\source\repos\ret\zedgraph_dll_v5.1.5\zedgraph.dll: note: first seen type is used; re-order imported assemblies to use the current type
  c:\users\xtended\source\repos\ret\zedgraph_dll_v5.1.5\zedgraph.dll: note: This diagnostic occurred while importing type 'ZedGraph.AxisType' from assembly 'ZedGraph, Version=5.1.5.28844, Culture=neutral, PublicKeyToken=02a83cbd123fcd60'.
c:\users\xtended\source\repos\ret\zedgraph_dll_v5.1.5\zedgraph.dll : warning C4945: 'FillType': cannot import symbol from 'c:\users\xtended\source\repos\ret\zedgraph_dll_v5.1.5\zedgraph.dll': as 'ZedGraph::FillType' has already been imported from another assembly 'ZedGraph'
  c:\users\xtended\source\repos\ret\zedgraph_dll_v5.1.5\zedgraph.dll: note: first seen type is used; re-order imported assemblies to use the current type
  c:\users\xtended\source\repos\ret\zedgraph_dll_v5.1.5\zedgraph.dll: note: This diagnostic occurred while importing type 'ZedGraph.FillType' from assembly 'ZedGraph, Version=5.1.5.28844, Culture=neutral, PublicKeyToken=02a83cbd123fcd60'.
c:\users\xtended\source\repos\ret\zedgraph_dll_v5.1.5\zedgraph.dll : warning C4945: 'DateUnit': cannot import symbol from 'c:\users\xtended\source\repos\ret\zedgraph_dll_v5.1.5\zedgraph.dll': as 'ZedGraph::DateUnit' has already been imported from another assembly 'ZedGraph'
  c:\users\xtended\source\repos\ret\zedgraph_dll_v5.1.5\zedgraph.dll: note: first seen type is used; re-order imported assemblies to use the current type
  c:\users\xtended\source\repos\ret\zedgraph_dll_v5.1.5\zedgraph.dll: note: This diagnostic occurred while importing type 'ZedGraph.DateUnit' from assembly 'ZedGraph, Version=5.1.5.28844, Culture=neutral, PublicKeyToken=02a83cbd123fcd60'.
c:\users\xtended\source\repos\ret\zedgraph_dll_v5.1.5\zedgraph.dll : warning C4945: 'SymbolType': cannot import symbol from 'c:\users\xtended\source\repos\ret\zedgraph_dll_v5.1.5\zedgraph.dll': as 'ZedGraph::SymbolType' has already been imported from another assembly 'ZedGraph'
  c:\users\xtended\source\repos\ret\zedgraph_dll_v5.1.5\zedgraph.dll: note: first seen type is used; re-order imported assemblies to use the current type
  c:\users\xtended\source\repos\ret\zedgraph_dll_v5.1.5\zedgraph.dll: note: This diagnostic occurred while importing type 'ZedGraph.SymbolType' from assembly 'ZedGraph, Version=5.1.5.28844, Culture=neutral, PublicKeyToken=02a83cbd123fcd60'.
c:\users\xtended\source\repos\ret\zedgraph_dll_v5.1.5\zedgraph.dll : warning C4945: 'LegendPos': cannot import symbol from 'c:\users\xtended\source\repos\ret\zedgraph_dll_v5.1.5\zedgraph.dll': as 'ZedGraph::LegendPos' has already been imported from another assembly 'ZedGraph'
  c:\users\xtended\source\repos\ret\zedgraph_dll_v5.1.5\zedgraph.dll: note: first seen type is used; re-order imported assemblies to use the current type
  c:\users\xtended\source\repos\ret\zedgraph_dll_v5.1.5\zedgraph.dll: note: This diagnostic occurred while importing type 'ZedGraph.LegendPos' from assembly 'ZedGraph, Version=5.1.5.28844, Culture=neutral, PublicKeyToken=02a83cbd123fcd60'.
c:\users\xtended\source\repos\ret\zedgraph_dll_v5.1.5\zedgraph.dll : warning C4945: 'AlignH': cannot import symbol from 'c:\users\xtended\source\repos\ret\zedgraph_dll_v5.1.5\zedgraph.dll': as 'ZedGraph::AlignH' has already been imported from another assembly 'ZedGraph'
  c:\users\xtended\source\repos\ret\zedgraph_dll_v5.1.5\zedgraph.dll: note: first seen type is used; re-order imported assemblies to use the current type
  c:\users\xtended\source\repos\ret\zedgraph_dll_v5.1.5\zedgraph.dll: note: This diagnostic occurred while importing type 'ZedGraph.AlignH' from assembly 'ZedGraph, Version=5.1.5.28844, Culture=neutral, PublicKeyToken=02a83cbd123fcd60'.
c:\users\xtended\source\repos\ret\zedgraph_dll_v5.1.5\zedgraph.dll : warning C4945: 'AlignP': cannot import symbol from 'c:\users\xtended\source\repos\ret\zedgraph_dll_v5.1.5\zedgraph.dll': as 'ZedGraph::AlignP' has already been imported from another assembly 'ZedGraph'
  c:\users\xtended\source\repos\ret\zedgraph_dll_v5.1.5\zedgraph.dll: note: first seen type is used; re-order imported assemblies to use the current type
  c:\users\xtended\source\repos\ret\zedgraph_dll_v5.1.5\zedgraph.dll: note: This diagnostic occurred while importing type 'ZedGraph.AlignP' from assembly 'ZedGraph, Version=5.1.5.28844, Culture=neutral, PublicKeyToken=02a83cbd123fcd60'.
c:\users\xtended\source\repos\ret\zedgraph_dll_v5.1.5\zedgraph.dll : warning C4945: 'AlignV': cannot import symbol from 'c:\users\xtended\source\repos\ret\zedgraph_dll_v5.1.5\zedgraph.dll': as 'ZedGraph::AlignV' has already been imported from another assembly 'ZedGraph'
  c:\users\xtended\source\repos\ret\zedgraph_dll_v5.1.5\zedgraph.dll: note: first seen type is used; re-order imported assemblies to use the current type
  c:\users\xtended\source\repos\ret\zedgraph_dll_v5.1.5\zedgraph.dll: note: This diagnostic occurred while importing type 'ZedGraph.AlignV' from assembly 'ZedGraph, Version=5.1.5.28844, Culture=neutral, PublicKeyToken=02a83cbd123fcd60'.
c:\users\xtended\source\repos\ret\zedgraph_dll_v5.1.5\zedgraph.dll : warning C4945: 'CoordType': cannot import symbol from 'c:\users\xtended\source\repos\ret\zedgraph_dll_v5.1.5\zedgraph.dll': as 'ZedGraph::CoordType' has already been imported from another assembly 'ZedGraph'
  c:\users\xtended\source\repos\ret\zedgraph_dll_v5.1.5\zedgraph.dll: note: first seen type is used; re-order imported assemblies to use the current type
  c:\users\xtended\source\repos\ret\zedgraph_dll_v5.1.5\zedgraph.dll: note: This diagnostic occurred while importing type 'ZedGraph.CoordType' from assembly 'ZedGraph, Version=5.1.5.28844, Culture=neutral, PublicKeyToken=02a83cbd123fcd60'.
c:\users\xtended\source\repos\ret\zedgraph_dll_v5.1.5\zedgraph.dll : warning C4945: 'StepType': cannot import symbol from 'c:\users\xtended\source\repos\ret\zedgraph_dll_v5.1.5\zedgraph.dll': as 'ZedGraph::StepType' has already been imported from another assembly 'ZedGraph'
  c:\users\xtended\source\repos\ret\zedgraph_dll_v5.1.5\zedgraph.dll: note: first seen type is used; re-order imported assemblies to use the current type
  c:\users\xtended\source\repos\ret\zedgraph_dll_v5.1.5\zedgraph.dll: note: This diagnostic occurred while importing type 'ZedGraph.StepType' from assembly 'ZedGraph, Version=5.1.5.28844, Culture=neutral, PublicKeyToken=02a83cbd123fcd60'.
c:\users\xtended\source\repos\ret\zedgraph_dll_v5.1.5\zedgraph.dll : warning C4945: 'BarBase': cannot import symbol from 'c:\users\xtended\source\repos\ret\zedgraph_dll_v5.1.5\zedgraph.dll': as 'ZedGraph::BarBase' has already been imported from another assembly 'ZedGraph'
  c:\users\xtended\source\repos\ret\zedgraph_dll_v5.1.5\zedgraph.dll: note: first seen type is used; re-order imported assemblies to use the current type
  c:\users\xtended\source\repos\ret\zedgraph_dll_v5.1.5\zedgraph.dll: note: This diagnostic occurred while importing type 'ZedGraph.BarBase' from assembly 'ZedGraph, Version=5.1.5.28844, Culture=neutral, PublicKeyToken=02a83cbd123fcd60'.
c:\users\xtended\source\repos\ret\zedgraph_dll_v5.1.5\zedgraph.dll : warning C4945: 'LineType': cannot import symbol from 'c:\users\xtended\source\repos\ret\zedgraph_dll_v5.1.5\zedgraph.dll': as 'ZedGraph::LineType' has already been imported from another assembly 'ZedGraph'
  c:\users\xtended\source\repos\ret\zedgraph_dll_v5.1.5\zedgraph.dll: note: first seen type is used; re-order imported assemblies to use the current type
  c:\users\xtended\source\repos\ret\zedgraph_dll_v5.1.5\zedgraph.dll: note: This diagnostic occurred while importing type 'ZedGraph.LineType' from assembly 'ZedGraph, Version=5.1.5.28844, Culture=neutral, PublicKeyToken=02a83cbd123fcd60'.
c:\users\xtended\source\repos\ret\zedgraph_dll_v5.1.5\zedgraph.dll : warning C4945: 'BarType': cannot import symbol from 'c:\users\xtended\source\repos\ret\zedgraph_dll_v5.1.5\zedgraph.dll': as 'ZedGraph::BarType' has already been imported from another assembly 'ZedGraph'
  c:\users\xtended\source\repos\ret\zedgraph_dll_v5.1.5\zedgraph.dll: note: first seen type is used; re-order imported assemblies to use the current type
  c:\users\xtended\source\repos\ret\zedgraph_dll_v5.1.5\zedgraph.dll: note: This diagnostic occurred while importing type 'ZedGraph.BarType' from assembly 'ZedGraph, Version=5.1.5.28844, Culture=neutral, PublicKeyToken=02a83cbd123fcd60'.
c:\users\xtended\source\repos\ret\zedgraph_dll_v5.1.5\zedgraph.dll : warning C4945: 'SortType': cannot import symbol from 'c:\users\xtended\source\repos\ret\zedgraph_dll_v5.1.5\zedgraph.dll': as 'ZedGraph::SortType' has already been imported from another assembly 'ZedGraph'
  c:\users\xtended\source\repos\ret\zedgraph_dll_v5.1.5\zedgraph.dll: note: first seen type is used; re-order imported assemblies to use the current type
  c:\users\xtended\source\repos\ret\zedgraph_dll_v5.1.5\zedgraph.dll: note: This diagnostic occurred while importing type 'ZedGraph.SortType' from assembly 'ZedGraph, Version=5.1.5.28844, Culture=neutral, PublicKeyToken=02a83cbd123fcd60'.
c:\users\xtended\source\repos\ret\zedgraph_dll_v5.1.5\zedgraph.dll : warning C4945: 'ZOrder': cannot import symbol from 'c:\users\xtended\source\repos\ret\zedgraph_dll_v5.1.5\zedgraph.dll': as 'ZedGraph::ZOrder' has already been imported from another assembly 'ZedGraph'
  c:\users\xtended\source\repos\ret\zedgraph_dll_v5.1.5\zedgraph.dll: note: first seen type is used; re-order imported assemblies to use the current type
  c:\users\xtended\source\repos\ret\zedgraph_dll_v5.1.5\zedgraph.dll: note: This diagnostic occurred while importing type 'ZedGraph.ZOrder' from assembly 'ZedGraph, Version=5.1.5.28844, Culture=neutral, PublicKeyToken=02a83cbd123fcd60'.
c:\users\xtended\source\repos\ret\zedgraph_dll_v5.1.5\zedgraph.dll : warning C4945: 'PieLabelType': cannot import symbol from 'c:\users\xtended\source\repos\ret\zedgraph_dll_v5.1.5\zedgraph.dll': as 'ZedGraph::PieLabelType' has already been imported from another assembly 'ZedGraph'
  c:\users\xtended\source\repos\ret\zedgraph_dll_v5.1.5\zedgraph.dll: note: first seen type is used; re-order imported assemblies to use the current type
  c:\users\xtended\source\repos\ret\zedgraph_dll_v5.1.5\zedgraph.dll: note: This diagnostic occurred while importing type 'ZedGraph.PieLabelType' from assembly 'ZedGraph, Version=5.1.5.28844, Culture=neutral, PublicKeyToken=02a83cbd123fcd60'.
c:\users\xtended\source\repos\ret\zedgraph_dll_v5.1.5\zedgraph.dll : warning C4945: 'PaneLayout': cannot import symbol from 'c:\users\xtended\source\repos\ret\zedgraph_dll_v5.1.5\zedgraph.dll': as 'ZedGraph::PaneLayout' has already been imported from another assembly 'ZedGraph'
  c:\users\xtended\source\repos\ret\zedgraph_dll_v5.1.5\zedgraph.dll: note: first seen type is used; re-order imported assemblies to use the current type
  c:\users\xtended\source\repos\ret\zedgraph_dll_v5.1.5\zedgraph.dll: note: This diagnostic occurred while importing type 'ZedGraph.PaneLayout' from assembly 'ZedGraph, Version=5.1.5.28844, Culture=neutral, PublicKeyToken=02a83cbd123fcd60'.
c:\users\xtended\source\repos\ret\zedgraph_dll_v5.1.5\zedgraph.dll : warning C4945: 'RenderModeType': cannot import symbol from 'c:\users\xtended\source\repos\ret\zedgraph_dll_v5.1.5\zedgraph.dll': as 'ZedGraph::RenderModeType' has already been imported from another assembly 'ZedGraph'
  c:\users\xtended\source\repos\ret\zedgraph_dll_v5.1.5\zedgraph.dll: note: first seen type is used; re-order imported assemblies to use the current type
  c:\users\xtended\source\repos\ret\zedgraph_dll_v5.1.5\zedgraph.dll: note: This diagnostic occurred while importing type 'ZedGraph.RenderModeType' from assembly 'ZedGraph, Version=5.1.5.28844, Culture=neutral, PublicKeyToken=02a83cbd123fcd60'.
c:\users\xtended\source\repos\ret\zedgraph_dll_v5.1.5\zedgraph.dll : warning C4945: 'PieItem': cannot import symbol from 'c:\users\xtended\source\repos\ret\zedgraph_dll_v5.1.5\zedgraph.dll': as 'ZedGraph::PieItem' has already been imported from another assembly 'ZedGraph'
  c:\users\xtended\source\repos\ret\zedgraph_dll_v5.1.5\zedgraph.dll: note: first seen type is used; re-order imported assemblies to use the current type
  c:\users\xtended\source\repos\ret\zedgraph_dll_v5.1.5\zedgraph.dll: note: This diagnostic occurred while importing type 'ZedGraph.PieItem' from assembly 'ZedGraph, Version=5.1.5.28844, Culture=neutral, PublicKeyToken=02a83cbd123fcd60'.
c:\users\xtended\source\repos\ret\zedgraph_dll_v5.1.5\zedgraph.dll : warning C4945: 'FontSpec': cannot import symbol from 'c:\users\xtended\source\repos\ret\zedgraph_dll_v5.1.5\zedgraph.dll': as 'ZedGraph::FontSpec' has already been imported from another assembly 'ZedGraph'
  c:\users\xtended\source\repos\ret\zedgraph_dll_v5.1.5\zedgraph.dll: note: first seen type is used; re-order imported assemblies to use the current type
  c:\users\xtended\source\repos\ret\zedgraph_dll_v5.1.5\zedgraph.dll: note: This diagnostic occurred while importing type 'ZedGraph.FontSpec' from assembly 'ZedGraph, Version=5.1.5.28844, Culture=neutral, PublicKeyToken=02a83cbd123fcd60'.
c:\users\xtended\source\repos\ret\zedgraph_dll_v5.1.5\zedgraph.dll : warning C4945: 'StockPointList': cannot import symbol from 'c:\users\xtended\source\repos\ret\zedgraph_dll_v5.1.5\zedgraph.dll': as 'ZedGraph::StockPointList' has already been imported from another assembly 'ZedGraph'
  c:\users\xtended\source\repos\ret\zedgraph_dll_v5.1.5\zedgraph.dll: note: first seen type is used; re-order imported assemblies to use the current type
  c:\users\xtended\source\repos\ret\zedgraph_dll_v5.1.5\zedgraph.dll: note: This diagnostic occurred while importing type 'ZedGraph.StockPointList' from assembly 'ZedGraph, Version=5.1.5.28844, Culture=neutral, PublicKeyToken=02a83cbd123fcd60'.
c:\users\xtended\source\repos\ret\zedgraph_dll_v5.1.5\zedgraph.dll : warning C4945: 'ErrorBarItem': cannot import symbol from 'c:\users\xtended\source\repos\ret\zedgraph_dll_v5.1.5\zedgraph.dll': as 'ZedGraph::ErrorBarItem' has already been imported from another assembly 'ZedGraph'
  c:\users\xtended\source\repos\ret\zedgraph_dll_v5.1.5\zedgraph.dll: note: first seen type is used; re-order imported assemblies to use the current type
  c:\users\xtended\source\repos\ret\zedgraph_dll_v5.1.5\zedgraph.dll: note: This diagnostic occurred while importing type 'ZedGraph.ErrorBarItem' from assembly 'ZedGraph, Version=5.1.5.28844, Culture=neutral, PublicKeyToken=02a83cbd123fcd60'.
c:\users\xtended\source\repos\ret\zedgraph_dll_v5.1.5\zedgraph.dll : warning C4945: 'Axis': cannot import symbol from 'c:\users\xtended\source\repos\ret\zedgraph_dll_v5.1.5\zedgraph.dll': as 'ZedGraph::Axis' has already been imported from another assembly 'ZedGraph'
  c:\users\xtended\source\repos\ret\zedgraph_dll_v5.1.5\zedgraph.dll: note: first seen type is used; re-order imported assemblies to use the current type
  c:\users\xtended\source\repos\ret\zedgraph_dll_v5.1.5\zedgraph.dll: note: This diagnostic occurred while importing type 'ZedGraph.Axis' from assembly 'ZedGraph, Version=5.1.5.28844, Culture=neutral, PublicKeyToken=02a83cbd123fcd60'.
c:\users\xtended\source\repos\ret\zedgraph_dll_v5.1.5\zedgraph.dll : warning C4945: 'MinorTic': cannot import symbol from 'c:\users\xtended\source\repos\ret\zedgraph_dll_v5.1.5\zedgraph.dll': as 'ZedGraph::MinorTic' has already been imported from another assembly 'ZedGraph'
  c:\users\xtended\source\repos\ret\zedgraph_dll_v5.1.5\zedgraph.dll: note: first seen type is used; re-order imported assemblies to use the current type
  c:\users\xtended\source\repos\ret\zedgraph_dll_v5.1.5\zedgraph.dll: note: This diagnostic occurred while importing type 'ZedGraph.MinorTic' from assembly 'ZedGraph, Version=5.1.5.28844, Culture=neutral, PublicKeyToken=02a83cbd123fcd60'.
c:\users\xtended\source\repos\ret\zedgraph_dll_v5.1.5\zedgraph.dll : warning C4945: 'ZedGraphException': cannot import symbol from 'c:\users\xtended\source\repos\ret\zedgraph_dll_v5.1.5\zedgraph.dll': as 'ZedGraph::ZedGraphException' has already been imported from another assembly 'ZedGraph'
  c:\users\xtended\source\repos\ret\zedgraph_dll_v5.1.5\zedgraph.dll: note: first seen type is used; re-order imported assemblies to use the current type
  c:\users\xtended\source\repos\ret\zedgraph_dll_v5.1.5\zedgraph.dll: note: This diagnostic occurred while importing type 'ZedGraph.ZedGraphException' from assembly 'ZedGraph, Version=5.1.5.28844, Culture=neutral, PublicKeyToken=02a83cbd123fcd60'.
c:\users\xtended\source\repos\ret\zedgraph_dll_v5.1.5\zedgraph.dll : warning C4945: 'XDate': cannot import symbol from 'c:\users\xtended\source\repos\ret\zedgraph_dll_v5.1.5\zedgraph.dll': as 'ZedGraph::XDate' has already been imported from another assembly 'ZedGraph'
  c:\users\xtended\source\repos\ret\zedgraph_dll_v5.1.5\zedgraph.dll: note: first seen type is used; re-order imported assemblies to use the current type
  c:\users\xtended\source\repos\ret\zedgraph_dll_v5.1.5\zedgraph.dll: note: This diagnostic occurred while importing type 'ZedGraph.XDate' from assembly 'ZedGraph, Version=5.1.5.28844, Culture=neutral, PublicKeyToken=02a83cbd123fcd60'.
c:\users\xtended\source\repos\ret\zedgraph_dll_v5.1.5\zedgraph.dll : warning C4945: 'Link': cannot import symbol from 'c:\users\xtended\source\repos\ret\zedgraph_dll_v5.1.5\zedgraph.dll': as 'ZedGraph::Link' has already been imported from another assembly 'ZedGraph'
  c:\users\xtended\source\repos\ret\zedgraph_dll_v5.1.5\zedgraph.dll: note: first seen type is used; re-order imported assemblies to use the current type
  c:\users\xtended\source\repos\ret\zedgraph_dll_v5.1.5\zedgraph.dll: note: This diagnostic occurred while importing type 'ZedGraph.Link' from assembly 'ZedGraph, Version=5.1.5.28844, Culture=neutral, PublicKeyToken=02a83cbd123fcd60'.
c:\users\xtended\source\repos\ret\zedgraph_dll_v5.1.5\zedgraph.dll : warning C4945: 'BarItem': cannot import symbol from 'c:\users\xtended\source\repos\ret\zedgraph_dll_v5.1.5\zedgraph.dll': as 'ZedGraph::BarItem' has already been imported from another assembly 'ZedGraph'
  c:\users\xtended\source\repos\ret\zedgraph_dll_v5.1.5\zedgraph.dll: note: first seen type is used; re-order imported assemblies to use the current type
  c:\users\xtended\source\repos\ret\zedgraph_dll_v5.1.5\zedgraph.dll: note: This diagnostic occurred while importing type 'ZedGraph.BarItem' from assembly 'ZedGraph, Version=5.1.5.28844, Culture=neutral, PublicKeyToken=02a83cbd123fcd60'.
c:\users\xtended\source\repos\ret\zedgraph_dll_v5.1.5\zedgraph.dll : warning C4945: 'Bar': cannot import symbol from 'c:\users\xtended\source\repos\ret\zedgraph_dll_v5.1.5\zedgraph.dll': as 'ZedGraph::Bar' has already been imported from another assembly 'ZedGraph'
  c:\users\xtended\source\repos\ret\zedgraph_dll_v5.1.5\zedgraph.dll: note: first seen type is used; re-order imported assemblies to use the current type
  c:\users\xtended\source\repos\ret\zedgraph_dll_v5.1.5\zedgraph.dll: note: This diagnostic occurred while importing type 'ZedGraph.Bar' from assembly 'ZedGraph, Version=5.1.5.28844, Culture=neutral, PublicKeyToken=02a83cbd123fcd60'.
c:\users\xtended\source\repos\ret\zedgraph_dll_v5.1.5\zedgraph.dll : warning C4945: 'Y2Axis': cannot import symbol from 'c:\users\xtended\source\repos\ret\zedgraph_dll_v5.1.5\zedgraph.dll': as 'ZedGraph::Y2Axis' has already been imported from another assembly 'ZedGraph'
  c:\users\xtended\source\repos\ret\zedgraph_dll_v5.1.5\zedgraph.dll: note: first seen type is used; re-order imported assemblies to use the current type
  c:\users\xtended\source\repos\ret\zedgraph_dll_v5.1.5\zedgraph.dll: note: This diagnostic occurred while importing type 'ZedGraph.Y2Axis' from assembly 'ZedGraph, Version=5.1.5.28844, Culture=neutral, PublicKeyToken=02a83cbd123fcd60'.
c:\users\xtended\source\repos\ret\zedgraph_dll_v5.1.5\zedgraph.dll : warning C4945: 'XAxis': cannot import symbol from 'c:\users\xtended\source\repos\ret\zedgraph_dll_v5.1.5\zedgraph.dll': as 'ZedGraph::XAxis' has already been imported from another assembly 'ZedGraph'
  c:\users\xtended\source\repos\ret\zedgraph_dll_v5.1.5\zedgraph.dll: note: first seen type is used; re-order imported assemblies to use the current type
  c:\users\xtended\source\repos\ret\zedgraph_dll_v5.1.5\zedgraph.dll: note: This diagnostic occurred while importing type 'ZedGraph.XAxis' from assembly 'ZedGraph, Version=5.1.5.28844, Culture=neutral, PublicKeyToken=02a83cbd123fcd60'.
c:\users\xtended\source\repos\ret\zedgraph_dll_v5.1.5\zedgraph.dll : warning C4945: 'RollingPointPairList': cannot import symbol from 'c:\users\xtended\source\repos\ret\zedgraph_dll_v5.1.5\zedgraph.dll': as 'ZedGraph::RollingPointPairList' has already been imported from another assembly 'ZedGraph'
  c:\users\xtended\source\repos\ret\zedgraph_dll_v5.1.5\zedgraph.dll: note: first seen type is used; re-order imported assemblies to use the current type
  c:\users\xtended\source\repos\ret\zedgraph_dll_v5.1.5\zedgraph.dll: note: This diagnostic occurred while importing type 'ZedGraph.RollingPointPairList' from assembly 'ZedGraph, Version=5.1.5.28844, Culture=neutral, PublicKeyToken=02a83cbd123fcd60'.
c:\users\xtended\source\repos\ret\zedgraph_dll_v5.1.5\zedgraph.dll : warning C4945: 'PaneList': cannot import symbol from 'c:\users\xtended\source\repos\ret\zedgraph_dll_v5.1.5\zedgraph.dll': as 'ZedGraph::PaneList' has already been imported from another assembly 'ZedGraph'
  c:\users\xtended\source\repos\ret\zedgraph_dll_v5.1.5\zedgraph.dll: note: first seen type is used; re-order imported assemblies to use the current type
  c:\users\xtended\source\repos\ret\zedgraph_dll_v5.1.5\zedgraph.dll: note: This diagnostic occurred while importing type 'ZedGraph.PaneList' from assembly 'ZedGraph, Version=5.1.5.28844, Culture=neutral, PublicKeyToken=02a83cbd123fcd60'.
c:\users\xtended\source\repos\ret\zedgraph_dll_v5.1.5\zedgraph.dll : warning C4945: 'LineObj': cannot import symbol from 'c:\users\xtended\source\repos\ret\zedgraph_dll_v5.1.5\zedgraph.dll': as 'ZedGraph::LineObj' has already been imported from another assembly 'ZedGraph'
  c:\users\xtended\source\repos\ret\zedgraph_dll_v5.1.5\zedgraph.dll: note: first seen type is used; re-order imported assemblies to use the current type
  c:\users\xtended\source\repos\ret\zedgraph_dll_v5.1.5\zedgraph.dll: note: This diagnostic occurred while importing type 'ZedGraph.LineObj' from assembly 'ZedGraph, Version=5.1.5.28844, Culture=neutral, PublicKeyToken=02a83cbd123fcd60'.
c:\users\xtended\source\repos\ret\zedgraph_dll_v5.1.5\zedgraph.dll : warning C4945: 'ErrorBar': cannot import symbol from 'c:\users\xtended\source\repos\ret\zedgraph_dll_v5.1.5\zedgraph.dll': as 'ZedGraph::ErrorBar' has already been imported from another assembly 'ZedGraph'
  c:\users\xtended\source\repos\ret\zedgraph_dll_v5.1.5\zedgraph.dll: note: first seen type is used; re-order imported assemblies to use the current type
  c:\users\xtended\source\repos\ret\zedgraph_dll_v5.1.5\zedgraph.dll: note: This diagnostic occurred while importing type 'ZedGraph.ErrorBar' from assembly 'ZedGraph, Version=5.1.5.28844, Culture=neutral, PublicKeyToken=02a83cbd123fcd60'.
c:\users\xtended\source\repos\ret\zedgraph_dll_v5.1.5\zedgraph.dll : warning C4945: 'BoxObj': cannot import symbol from 'c:\users\xtended\source\repos\ret\zedgraph_dll_v5.1.5\zedgraph.dll': as 'ZedGraph::BoxObj' has already been imported from another assembly 'ZedGraph'
  c:\users\xtended\source\repos\ret\zedgraph_dll_v5.1.5\zedgraph.dll: note: first seen type is used; re-order imported assemblies to use the current type
  c:\users\xtended\source\repos\ret\zedgraph_dll_v5.1.5\zedgraph.dll: note: This diagnostic occurred while importing type 'ZedGraph.BoxObj' from assembly 'ZedGraph, Version=5.1.5.28844, Culture=neutral, PublicKeyToken=02a83cbd123fcd60'.
c:\users\xtended\source\repos\ret\zedgraph_dll_v5.1.5\zedgraph.dll : warning C4945: 'EllipseObj': cannot import symbol from 'c:\users\xtended\source\repos\ret\zedgraph_dll_v5.1.5\zedgraph.dll': as 'ZedGraph::EllipseObj' has already been imported from another assembly 'ZedGraph'
  c:\users\xtended\source\repos\ret\zedgraph_dll_v5.1.5\zedgraph.dll: note: first seen type is used; re-order imported assemblies to use the current type
  c:\users\xtended\source\repos\ret\zedgraph_dll_v5.1.5\zedgraph.dll: note: This diagnostic occurred while importing type 'ZedGraph.EllipseObj' from assembly 'ZedGraph, Version=5.1.5.28844, Culture=neutral, PublicKeyToken=02a83cbd123fcd60'.
c:\users\xtended\source\repos\ret\zedgraph_dll_v5.1.5\zedgraph.dll : warning C4945: 'BarSettings': cannot import symbol from 'c:\users\xtended\source\repos\ret\zedgraph_dll_v5.1.5\zedgraph.dll': as 'ZedGraph::BarSettings' has already been imported from another assembly 'ZedGraph'
  c:\users\xtended\source\repos\ret\zedgraph_dll_v5.1.5\zedgraph.dll: note: first seen type is used; re-order imported assemblies to use the current type
  c:\users\xtended\source\repos\ret\zedgraph_dll_v5.1.5\zedgraph.dll: note: This diagnostic occurred while importing type 'ZedGraph.BarSettings' from assembly 'ZedGraph, Version=5.1.5.28844, Culture=neutral, PublicKeyToken=02a83cbd123fcd60'.
c:\users\xtended\source\repos\ret\zedgraph_dll_v5.1.5\zedgraph.dll : warning C4945: 'AxisLabel': cannot import symbol from 'c:\users\xtended\source\repos\ret\zedgraph_dll_v5.1.5\zedgraph.dll': as 'ZedGraph::AxisLabel' has already been imported from another assembly 'ZedGraph'
  c:\users\xtended\source\repos\ret\zedgraph_dll_v5.1.5\zedgraph.dll: note: first seen type is used; re-order imported assemblies to use the current type
  c:\users\xtended\source\repos\ret\zedgraph_dll_v5.1.5\zedgraph.dll: note: This diagnostic occurred while importing type 'ZedGraph.AxisLabel' from assembly 'ZedGraph, Version=5.1.5.28844, Culture=neutral, PublicKeyToken=02a83cbd123fcd60'.
c:\users\xtended\source\repos\ret\zedgraph_dll_v5.1.5\zedgraph.dll : warning C4945: 'PolyObj': cannot import symbol from 'c:\users\xtended\source\repos\ret\zedgraph_dll_v5.1.5\zedgraph.dll': as 'ZedGraph::PolyObj' has already been imported from another assembly 'ZedGraph'
  c:\users\xtended\source\repos\ret\zedgraph_dll_v5.1.5\zedgraph.dll: note: first seen type is used; re-order imported assemblies to use the current type
  c:\users\xtended\source\repos\ret\zedgraph_dll_v5.1.5\zedgraph.dll: note: This diagnostic occurred while importing type 'ZedGraph.PolyObj' from assembly 'ZedGraph, Version=5.1.5.28844, Culture=neutral, PublicKeyToken=02a83cbd123fcd60'.
c:\users\xtended\source\repos\ret\zedgraph_dll_v5.1.5\zedgraph.dll : warning C4945: 'ImageObj': cannot import symbol from 'c:\users\xtended\source\repos\ret\zedgraph_dll_v5.1.5\zedgraph.dll': as 'ZedGraph::ImageObj' has already been imported from another assembly 'ZedGraph'
  c:\users\xtended\source\repos\ret\zedgraph_dll_v5.1.5\zedgraph.dll: note: first seen type is used; re-order imported assemblies to use the current type
  c:\users\xtended\source\repos\ret\zedgraph_dll_v5.1.5\zedgraph.dll: note: This diagnostic occurred while importing type 'ZedGraph.ImageObj' from assembly 'ZedGraph, Version=5.1.5.28844, Culture=neutral, PublicKeyToken=02a83cbd123fcd60'.
c:\users\xtended\source\repos\ret\zedgraph_dll_v5.1.5\zedgraph.dll : warning C4945: 'GraphPane': cannot import symbol from 'c:\users\xtended\source\repos\ret\zedgraph_dll_v5.1.5\zedgraph.dll': as 'ZedGraph::GraphPane' has already been imported from another assembly 'ZedGraph'
  c:\users\xtended\source\repos\ret\zedgraph_dll_v5.1.5\zedgraph.dll: note: first seen type is used; re-order imported assemblies to use the current type
  c:\users\xtended\source\repos\ret\zedgraph_dll_v5.1.5\zedgraph.dll: note: This diagnostic occurred while importing type 'ZedGraph.GraphPane' from assembly 'ZedGraph, Version=5.1.5.28844, Culture=neutral, PublicKeyToken=02a83cbd123fcd60'.
c:\users\xtended\source\repos\ret\zedgraph_dll_v5.1.5\zedgraph.dll : warning C4945: 'PointD': cannot import symbol from 'c:\users\xtended\source\repos\ret\zedgraph_dll_v5.1.5\zedgraph.dll': as 'ZedGraph::PointD' has already been imported from another assembly 'ZedGraph'
  c:\users\xtended\source\repos\ret\zedgraph_dll_v5.1.5\zedgraph.dll: note: first seen type is used; re-order imported assemblies to use the current type
  c:\users\xtended\source\repos\ret\zedgraph_dll_v5.1.5\zedgraph.dll: note: This diagnostic occurred while importing type 'ZedGraph.PointD' from assembly 'ZedGraph, Version=5.1.5.28844, Culture=neutral, PublicKeyToken=02a83cbd123fcd60'.
c:\users\xtended\source\repos\ret\zedgraph_dll_v5.1.5\zedgraph.dll : warning C4945: 'MajorGrid': cannot import symbol from 'c:\users\xtended\source\repos\ret\zedgraph_dll_v5.1.5\zedgraph.dll': as 'ZedGraph::MajorGrid' has already been imported from another assembly 'ZedGraph'
  c:\users\xtended\source\repos\ret\zedgraph_dll_v5.1.5\zedgraph.dll: note: first seen type is used; re-order imported assemblies to use the current type
  c:\users\xtended\source\repos\ret\zedgraph_dll_v5.1.5\zedgraph.dll: note: This diagnostic occurred while importing type 'ZedGraph.MajorGrid' from assembly 'ZedGraph, Version=5.1.5.28844, Culture=neutral, PublicKeyToken=02a83cbd123fcd60'.
c:\users\xtended\source\repos\ret\zedgraph_dll_v5.1.5\zedgraph.dll : warning C4945: 'GasGaugeNeedle': cannot import symbol from 'c:\users\xtended\source\repos\ret\zedgraph_dll_v5.1.5\zedgraph.dll': as 'ZedGraph::GasGaugeNeedle' has already been imported from another assembly 'ZedGraph'
  c:\users\xtended\source\repos\ret\zedgraph_dll_v5.1.5\zedgraph.dll: note: first seen type is used; re-order imported assemblies to use the current type
  c:\users\xtended\source\repos\ret\zedgraph_dll_v5.1.5\zedgraph.dll: note: This diagnostic occurred while importing type 'ZedGraph.GasGaugeNeedle' from assembly 'ZedGraph, Version=5.1.5.28844, Culture=neutral, PublicKeyToken=02a83cbd123fcd60'.
c:\users\xtended\source\repos\ret\zedgraph_dll_v5.1.5\zedgraph.dll : warning C4945: 'DataSourcePointList': cannot import symbol from 'c:\users\xtended\source\repos\ret\zedgraph_dll_v5.1.5\zedgraph.dll': as 'ZedGraph::DataSourcePointList' has already been imported from another assembly 'ZedGraph'
  c:\users\xtended\source\repos\ret\zedgraph_dll_v5.1.5\zedgraph.dll: note: first seen type is used; re-order imported assemblies to use the current type
  c:\users\xtended\source\repos\ret\zedgraph_dll_v5.1.5\zedgraph.dll: note: This diagnostic occurred while importing type 'ZedGraph.DataSourcePointList' from assembly 'ZedGraph, Version=5.1.5.28844, Culture=neutral, PublicKeyToken=02a83cbd123fcd60'.
c:\users\xtended\source\repos\ret\zedgraph_dll_v5.1.5\zedgraph.dll : warning C4945: 'Symbol': cannot import symbol from 'c:\users\xtended\source\repos\ret\zedgraph_dll_v5.1.5\zedgraph.dll': as 'ZedGraph::Symbol' has already been imported from another assembly 'ZedGraph'
  c:\users\xtended\source\repos\ret\zedgraph_dll_v5.1.5\zedgraph.dll: note: first seen type is used; re-order imported assemblies to use the current type
  c:\users\xtended\source\repos\ret\zedgraph_dll_v5.1.5\zedgraph.dll: note: This diagnostic occurred while importing type 'ZedGraph.Symbol' from assembly 'ZedGraph, Version=5.1.5.28844, Culture=neutral, PublicKeyToken=02a83cbd123fcd60'.
c:\users\xtended\source\repos\ret\zedgraph_dll_v5.1.5\zedgraph.dll : warning C4945: 'ScrollRangeList': cannot import symbol from 'c:\users\xtended\source\repos\ret\zedgraph_dll_v5.1.5\zedgraph.dll': as 'ZedGraph::ScrollRangeList' has already been imported from another assembly 'ZedGraph'
  c:\users\xtended\source\repos\ret\zedgraph_dll_v5.1.5\zedgraph.dll: note: first seen type is used; re-order imported assemblies to use the current type
  c:\users\xtended\source\repos\ret\zedgraph_dll_v5.1.5\zedgraph.dll: note: This diagnostic occurred while importing type 'ZedGraph.ScrollRangeList' from assembly 'ZedGraph, Version=5.1.5.28844, Culture=neutral, PublicKeyToken=02a83cbd123fcd60'.
c:\users\xtended\source\repos\ret\zedgraph_dll_v5.1.5\zedgraph.dll : warning C4945: 'ScrollRange': cannot import symbol from 'c:\users\xtended\source\repos\ret\zedgraph_dll_v5.1.5\zedgraph.dll': as 'ZedGraph::ScrollRange' has already been imported from another assembly 'ZedGraph'
  c:\users\xtended\source\repos\ret\zedgraph_dll_v5.1.5\zedgraph.dll: note: first seen type is used; re-order imported assemblies to use the current type
  c:\users\xtended\source\repos\ret\zedgraph_dll_v5.1.5\zedgraph.dll: note: This diagnostic occurred while importing type 'ZedGraph.ScrollRange' from assembly 'ZedGraph, Version=5.1.5.28844, Culture=neutral, PublicKeyToken=02a83cbd123fcd60'.
c:\users\xtended\source\repos\ret\zedgraph_dll_v5.1.5\zedgraph.dll : warning C4945: 'SampleType': cannot import symbol from 'c:\users\xtended\source\repos\ret\zedgraph_dll_v5.1.5\zedgraph.dll': as 'ZedGraph::SampleType' has already been imported from another assembly 'ZedGraph'
  c:\users\xtended\source\repos\ret\zedgraph_dll_v5.1.5\zedgraph.dll: note: first seen type is used; re-order imported assemblies to use the current type
  c:\users\xtended\source\repos\ret\zedgraph_dll_v5.1.5\zedgraph.dll: note: This diagnostic occurred while importing type 'ZedGraph.SampleType' from assembly 'ZedGraph, Version=5.1.5.28844, Culture=neutral, PublicKeyToken=02a83cbd123fcd60'.
c:\users\xtended\source\repos\ret\zedgraph_dll_v5.1.5\zedgraph.dll : warning C4945: 'Sample': cannot import symbol from 'c:\users\xtended\source\repos\ret\zedgraph_dll_v5.1.5\zedgraph.dll': as 'ZedGraph::Sample' has already been imported from another assembly 'ZedGraph'
  c:\users\xtended\source\repos\ret\zedgraph_dll_v5.1.5\zedgraph.dll: note: first seen type is used; re-order imported assemblies to use the current type
  c:\users\xtended\source\repos\ret\zedgraph_dll_v5.1.5\zedgraph.dll: note: This diagnostic occurred while importing type 'ZedGraph.Sample' from assembly 'ZedGraph, Version=5.1.5.28844, Culture=neutral, PublicKeyToken=02a83cbd123fcd60'.
c:\users\xtended\source\repos\ret\zedgraph_dll_v5.1.5\zedgraph.dll : warning C4945: 'SamplePointList': cannot import symbol from 'c:\users\xtended\source\repos\ret\zedgraph_dll_v5.1.5\zedgraph.dll': as 'ZedGraph::SamplePointList' has already been imported from another assembly 'ZedGraph'
  c:\users\xtended\source\repos\ret\zedgraph_dll_v5.1.5\zedgraph.dll: note: first seen type is used; re-order imported assemblies to use the current type
  c:\users\xtended\source\repos\ret\zedgraph_dll_v5.1.5\zedgraph.dll: note: This diagnostic occurred while importing type 'ZedGraph.SamplePointList' from assembly 'ZedGraph, Version=5.1.5.28844, Culture=neutral, PublicKeyToken=02a83cbd123fcd60'.
c:\users\xtended\source\repos\ret\zedgraph_dll_v5.1.5\zedgraph.dll : warning C4945: 'PerfDataType': cannot import symbol from 'c:\users\xtended\source\repos\ret\zedgraph_dll_v5.1.5\zedgraph.dll': as 'ZedGraph::PerfDataType' has already been imported from another assembly 'ZedGraph'
  c:\users\xtended\source\repos\ret\zedgraph_dll_v5.1.5\zedgraph.dll: note: first seen type is used; re-order imported assemblies to use the current type
  c:\users\xtended\source\repos\ret\zedgraph_dll_v5.1.5\zedgraph.dll: note: This diagnostic occurred while importing type 'ZedGraph.PerfDataType' from assembly 'ZedGraph, Version=5.1.5.28844, Culture=neutral, PublicKeyToken=02a83cbd123fcd60'.
c:\users\xtended\source\repos\ret\zedgraph_dll_v5.1.5\zedgraph.dll : warning C4945: 'PerformanceData': cannot import symbol from 'c:\users\xtended\source\repos\ret\zedgraph_dll_v5.1.5\zedgraph.dll': as 'ZedGraph::PerformanceData' has already been imported from another assembly 'ZedGraph'
  c:\users\xtended\source\repos\ret\zedgraph_dll_v5.1.5\zedgraph.dll: note: first seen type is used; re-order imported assemblies to use the current type
  c:\users\xtended\source\repos\ret\zedgraph_dll_v5.1.5\zedgraph.dll: note: This diagnostic occurred while importing type 'ZedGraph.PerformanceData' from assembly 'ZedGraph, Version=5.1.5.28844, Culture=neutral, PublicKeyToken=02a83cbd123fcd60'.
c:\users\xtended\source\repos\ret\zedgraph_dll_v5.1.5\zedgraph.dll : warning C4945: 'SampleMultiPointList': cannot import symbol from 'c:\users\xtended\source\repos\ret\zedgraph_dll_v5.1.5\zedgraph.dll': as 'ZedGraph::SampleMultiPointList' has already been imported from another assembly 'ZedGraph'
  c:\users\xtended\source\repos\ret\zedgraph_dll_v5.1.5\zedgraph.dll: note: first seen type is used; re-order imported assemblies to use the current type
  c:\users\xtended\source\repos\ret\zedgraph_dll_v5.1.5\zedgraph.dll: note: This diagnostic occurred while importing type 'ZedGraph.SampleMultiPointList' from assembly 'ZedGraph, Version=5.1.5.28844, Culture=neutral, PublicKeyToken=02a83cbd123fcd60'.
c:\users\xtended\source\repos\ret\zedgraph_dll_v5.1.5\zedgraph.dll : warning C4945: 'PointPairCV': cannot import symbol from 'c:\users\xtended\source\repos\ret\zedgraph_dll_v5.1.5\zedgraph.dll': as 'ZedGraph::PointPairCV' has already been imported from another assembly 'ZedGraph'
  c:\users\xtended\source\repos\ret\zedgraph_dll_v5.1.5\zedgraph.dll: note: first seen type is used; re-order imported assemblies to use the current type
  c:\users\xtended\source\repos\ret\zedgraph_dll_v5.1.5\zedgraph.dll: note: This diagnostic occurred while importing type 'ZedGraph.PointPairCV' from assembly 'ZedGraph, Version=5.1.5.28844, Culture=neutral, PublicKeyToken=02a83cbd123fcd60'.
c:\users\xtended\source\repos\ret\zedgraph_dll_v5.1.5\zedgraph.dll : warning C4945: 'Border': cannot import symbol from 'c:\users\xtended\source\repos\ret\zedgraph_dll_v5.1.5\zedgraph.dll': as 'ZedGraph::Border' has already been imported from another assembly 'ZedGraph'
  c:\users\xtended\source\repos\ret\zedgraph_dll_v5.1.5\zedgraph.dll: note: first seen type is used; re-order imported assemblies to use the current type
  c:\users\xtended\source\repos\ret\zedgraph_dll_v5.1.5\zedgraph.dll: note: This diagnostic occurred while importing type 'ZedGraph.Border' from assembly 'ZedGraph, Version=5.1.5.28844, Culture=neutral, PublicKeyToken=02a83cbd123fcd60'.
c:\users\xtended\source\repos\ret\zedgraph_dll_v5.1.5\zedgraph.dll : warning C4945: 'X2Axis': cannot import symbol from 'c:\users\xtended\source\repos\ret\zedgraph_dll_v5.1.5\zedgraph.dll': as 'ZedGraph::X2Axis' has already been imported from another assembly 'ZedGraph'
  c:\users\xtended\source\repos\ret\zedgraph_dll_v5.1.5\zedgraph.dll: note: first seen type is used; re-order imported assemblies to use the current type
  c:\users\xtended\source\repos\ret\zedgraph_dll_v5.1.5\zedgraph.dll: note: This diagnostic occurred while importing type 'ZedGraph.X2Axis' from assembly 'ZedGraph, Version=5.1.5.28844, Culture=neutral, PublicKeyToken=02a83cbd123fcd60'.
c:\users\xtended\source\repos\ret\zedgraph_dll_v5.1.5\zedgraph.dll : warning C4945: 'DataPoint': cannot import symbol from 'c:\users\xtended\source\repos\ret\zedgraph_dll_v5.1.5\zedgraph.dll': as 'ZedGraph::DataPoint' has already been imported from another assembly 'ZedGraph'
  c:\users\xtended\source\repos\ret\zedgraph_dll_v5.1.5\zedgraph.dll: note: first seen type is used; re-order imported assemblies to use the current type
  c:\users\xtended\source\repos\ret\zedgraph_dll_v5.1.5\zedgraph.dll: note: This diagnostic occurred while importing type 'ZedGraph.DataPoint' from assembly 'ZedGraph, Version=5.1.5.28844, Culture=neutral, PublicKeyToken=02a83cbd123fcd60'.
c:\users\xtended\source\repos\ret\zedgraph_dll_v5.1.5\zedgraph.dll : warning C4945: 'NoDupePointList': cannot import symbol from 'c:\users\xtended\source\repos\ret\zedgraph_dll_v5.1.5\zedgraph.dll': as 'ZedGraph::NoDupePointList' has already been imported from another assembly 'ZedGraph'
  c:\users\xtended\source\repos\ret\zedgraph_dll_v5.1.5\zedgraph.dll: note: first seen type is used; re-order imported assemblies to use the current type
  c:\users\xtended\source\repos\ret\zedgraph_dll_v5.1.5\zedgraph.dll: note: This diagnostic occurred while importing type 'ZedGraph.NoDupePointList' from assembly 'ZedGraph, Version=5.1.5.28844, Culture=neutral, PublicKeyToken=02a83cbd123fcd60'.
c:\users\xtended\source\repos\ret\zedgraph_dll_v5.1.5\zedgraph.dll : warning C4945: 'Margin': cannot import symbol from 'c:\users\xtended\source\repos\ret\zedgraph_dll_v5.1.5\zedgraph.dll': as 'ZedGraph::Margin' has already been imported from another assembly 'ZedGraph'
  c:\users\xtended\source\repos\ret\zedgraph_dll_v5.1.5\zedgraph.dll: note: first seen type is used; re-order imported assemblies to use the current type
  c:\users\xtended\source\repos\ret\zedgraph_dll_v5.1.5\zedgraph.dll: note: This diagnostic occurred while importing type 'ZedGraph.Margin' from assembly 'ZedGraph, Version=5.1.5.28844, Culture=neutral, PublicKeyToken=02a83cbd123fcd60'.
c:\users\xtended\source\repos\ret\zedgraph_dll_v5.1.5\zedgraph.dll : warning C4945: 'FilteredPointList': cannot import symbol from 'c:\users\xtended\source\repos\ret\zedgraph_dll_v5.1.5\zedgraph.dll': as 'ZedGraph::FilteredPointList' has already been imported from another assembly 'ZedGraph'
  c:\users\xtended\source\repos\ret\zedgraph_dll_v5.1.5\zedgraph.dll: note: first seen type is used; re-order imported assemblies to use the current type
  c:\users\xtended\source\repos\ret\zedgraph_dll_v5.1.5\zedgraph.dll: note: This diagnostic occurred while importing type 'ZedGraph.FilteredPointList' from assembly 'ZedGraph, Version=5.1.5.28844, Culture=neutral, PublicKeyToken=02a83cbd123fcd60'.
c:\users\xtended\source\repos\ret\zedgraph_dll_v5.1.5\zedgraph.dll : warning C4945: 'HiLowBarItem': cannot import symbol from 'c:\users\xtended\source\repos\ret\zedgraph_dll_v5.1.5\zedgraph.dll': as 'ZedGraph::HiLowBarItem' has already been imported from another assembly 'ZedGraph'
  c:\users\xtended\source\repos\ret\zedgraph_dll_v5.1.5\zedgraph.dll: note: first seen type is used; re-order imported assemblies to use the current type
  c:\users\xtended\source\repos\ret\zedgraph_dll_v5.1.5\zedgraph.dll: note: This diagnostic occurred while importing type 'ZedGraph.HiLowBarItem' from assembly 'ZedGraph, Version=5.1.5.28844, Culture=neutral, PublicKeyToken=02a83cbd123fcd60'.
c:\users\xtended\source\repos\ret\zedgraph_dll_v5.1.5\zedgraph.dll : warning C4945: 'ZoomStateStack': cannot import symbol from 'c:\users\xtended\source\repos\ret\zedgraph_dll_v5.1.5\zedgraph.dll': as 'ZedGraph::ZoomStateStack' has already been imported from another assembly 'ZedGraph'
  c:\users\xtended\source\repos\ret\zedgraph_dll_v5.1.5\zedgraph.dll: note: first seen type is used; re-order imported assemblies to use the current type
  c:\users\xtended\source\repos\ret\zedgraph_dll_v5.1.5\zedgraph.dll: note: This diagnostic occurred while importing type 'ZedGraph.ZoomStateStack' from assembly 'ZedGraph, Version=5.1.5.28844, Culture=neutral, PublicKeyToken=02a83cbd123fcd60'.
c:\users\xtended\source\repos\ret\zedgraph_dll_v5.1.5\zedgraph.dll : warning C4945: 'TextObj': cannot import symbol from 'c:\users\xtended\source\repos\ret\zedgraph_dll_v5.1.5\zedgraph.dll': as 'ZedGraph::TextObj' has already been imported from another assembly 'ZedGraph'
  c:\users\xtended\source\repos\ret\zedgraph_dll_v5.1.5\zedgraph.dll: note: first seen type is used; re-order imported assemblies to use the current type
  c:\users\xtended\source\repos\ret\zedgraph_dll_v5.1.5\zedgraph.dll: note: This diagnostic occurred while importing type 'ZedGraph.TextObj' from assembly 'ZedGraph, Version=5.1.5.28844, Culture=neutral, PublicKeyToken=02a83cbd123fcd60'.
c:\users\xtended\source\repos\ret\zedgraph_dll_v5.1.5\zedgraph.dll : warning C4945: 'Line': cannot import symbol from 'c:\users\xtended\source\repos\ret\zedgraph_dll_v5.1.5\zedgraph.dll': as 'ZedGraph::Line' has already been imported from another assembly 'ZedGraph'
  c:\users\xtended\source\repos\ret\zedgraph_dll_v5.1.5\zedgraph.dll: note: first seen type is used; re-order imported assemblies to use the current type
  c:\users\xtended\source\repos\ret\zedgraph_dll_v5.1.5\zedgraph.dll: note: This diagnostic occurred while importing type 'ZedGraph.Line' from assembly 'ZedGraph, Version=5.1.5.28844, Culture=neutral, PublicKeyToken=02a83cbd123fcd60'.
c:\users\xtended\source\repos\ret\zedgraph_dll_v5.1.5\zedgraph.dll : warning C4945: 'ArrowObj': cannot import symbol from 'c:\users\xtended\source\repos\ret\zedgraph_dll_v5.1.5\zedgraph.dll': as 'ZedGraph::ArrowObj' has already been imported from another assembly 'ZedGraph'
  c:\users\xtended\source\repos\ret\zedgraph_dll_v5.1.5\zedgraph.dll: note: first seen type is used; re-order imported assemblies to use the current type
  c:\users\xtended\source\repos\ret\zedgraph_dll_v5.1.5\zedgraph.dll: note: This diagnostic occurred while importing type 'ZedGraph.ArrowObj' from assembly 'ZedGraph, Version=5.1.5.28844, Culture=neutral, PublicKeyToken=02a83cbd123fcd60'.
c:\users\xtended\source\repos\ret\zedgraph_dll_v5.1.5\zedgraph.dll : warning C4945: 'YAxis': cannot import symbol from 'c:\users\xtended\source\repos\ret\zedgraph_dll_v5.1.5\zedgraph.dll': as 'ZedGraph::YAxis' has already been imported from another assembly 'ZedGraph'
  c:\users\xtended\source\repos\ret\zedgraph_dll_v5.1.5\zedgraph.dll: note: first seen type is used; re-order imported assemblies to use the current type
  c:\users\xtended\source\repos\ret\zedgraph_dll_v5.1.5\zedgraph.dll: note: This diagnostic occurred while importing type 'ZedGraph.YAxis' from assembly 'ZedGraph, Version=5.1.5.28844, Culture=neutral, PublicKeyToken=02a83cbd123fcd60'.
c:\users\xtended\source\repos\ret\zedgraph_dll_v5.1.5\zedgraph.dll : warning C4945: 'PointPairList': cannot import symbol from 'c:\users\xtended\source\repos\ret\zedgraph_dll_v5.1.5\zedgraph.dll': as 'ZedGraph::PointPairList' has already been imported from another assembly 'ZedGraph'
  c:\users\xtended\source\repos\ret\zedgraph_dll_v5.1.5\zedgraph.dll: note: first seen type is used; re-order imported assemblies to use the current type
  c:\users\xtended\source\repos\ret\zedgraph_dll_v5.1.5\zedgraph.dll: note: This diagnostic occurred while importing type 'ZedGraph.PointPairList' from assembly 'ZedGraph, Version=5.1.5.28844, Culture=neutral, PublicKeyToken=02a83cbd123fcd60'.
c:\users\xtended\source\repos\ret\zedgraph_dll_v5.1.5\zedgraph.dll : warning C4945: 'MajorTic': cannot import symbol from 'c:\users\xtended\source\repos\ret\zedgraph_dll_v5.1.5\zedgraph.dll': as 'ZedGraph::MajorTic' has already been imported from another assembly 'ZedGraph'
  c:\users\xtended\source\repos\ret\zedgraph_dll_v5.1.5\zedgraph.dll: note: first seen type is used; re-order imported assemblies to use the current type
  c:\users\xtended\source\repos\ret\zedgraph_dll_v5.1.5\zedgraph.dll: note: This diagnostic occurred while importing type 'ZedGraph.MajorTic' from assembly 'ZedGraph, Version=5.1.5.28844, Culture=neutral, PublicKeyToken=02a83cbd123fcd60'.
c:\users\xtended\source\repos\ret\zedgraph_dll_v5.1.5\zedgraph.dll : warning C4945: 'JapaneseCandleStickItem': cannot import symbol from 'c:\users\xtended\source\repos\ret\zedgraph_dll_v5.1.5\zedgraph.dll': as 'ZedGraph::JapaneseCandleStickItem' has already been imported from another assembly 'ZedGraph'
  c:\users\xtended\source\repos\ret\zedgraph_dll_v5.1.5\zedgraph.dll: note: first seen type is used; re-order imported assemblies to use the current type
  c:\users\xtended\source\repos\ret\zedgraph_dll_v5.1.5\zedgraph.dll: note: This diagnostic occurred while importing type 'ZedGraph.JapaneseCandleStickItem' from assembly 'ZedGraph, Version=5.1.5.28844, Culture=neutral, PublicKeyToken=02a83cbd123fcd60'.
c:\users\xtended\source\repos\ret\zedgraph_dll_v5.1.5\zedgraph.dll : warning C4945: 'CollectionPlus': cannot import symbol from 'c:\users\xtended\source\repos\ret\zedgraph_dll_v5.1.5\zedgraph.dll': as 'ZedGraph::CollectionPlus' has already been imported from another assembly 'ZedGraph'
  c:\users\xtended\source\repos\ret\zedgraph_dll_v5.1.5\zedgraph.dll: note: first seen type is used; re-order imported assemblies to use the current type
  c:\users\xtended\source\repos\ret\zedgraph_dll_v5.1.5\zedgraph.dll: note: This diagnostic occurred while importing type 'ZedGraph.CollectionPlus' from assembly 'ZedGraph, Version=5.1.5.28844, Culture=neutral, PublicKeyToken=02a83cbd123fcd60'.
c:\users\xtended\source\repos\ret\zedgraph_dll_v5.1.5\zedgraph.dll : warning C4945: 'PointPair4': cannot import symbol from 'c:\users\xtended\source\repos\ret\zedgraph_dll_v5.1.5\zedgraph.dll': as 'ZedGraph::PointPair4' has already been imported from another assembly 'ZedGraph'
  c:\users\xtended\source\repos\ret\zedgraph_dll_v5.1.5\zedgraph.dll: note: first seen type is used; re-order imported assemblies to use the current type
  c:\users\xtended\source\repos\ret\zedgraph_dll_v5.1.5\zedgraph.dll: note: This diagnostic occurred while importing type 'ZedGraph.PointPair4' from assembly 'ZedGraph, Version=5.1.5.28844, Culture=neutral, PublicKeyToken=02a83cbd123fcd60'.
c:\users\xtended\source\repos\ret\zedgraph_dll_v5.1.5\zedgraph.dll : warning C4945: 'LineItem': cannot import symbol from 'c:\users\xtended\source\repos\ret\zedgraph_dll_v5.1.5\zedgraph.dll': as 'ZedGraph::LineItem' has already been imported from another assembly 'ZedGraph'
  c:\users\xtended\source\repos\ret\zedgraph_dll_v5.1.5\zedgraph.dll: note: first seen type is used; re-order imported assemblies to use the current type
  c:\users\xtended\source\repos\ret\zedgraph_dll_v5.1.5\zedgraph.dll: note: This diagnostic occurred while importing type 'ZedGraph.LineItem' from assembly 'ZedGraph, Version=5.1.5.28844, Culture=neutral, PublicKeyToken=02a83cbd123fcd60'.
c:\users\xtended\source\repos\ret\zedgraph_dll_v5.1.5\zedgraph.dll : warning C4945: 'Legend': cannot import symbol from 'c:\users\xtended\source\repos\ret\zedgraph_dll_v5.1.5\zedgraph.dll': as 'ZedGraph::Legend' has already been imported from another assembly 'ZedGraph'
  c:\users\xtended\source\repos\ret\zedgraph_dll_v5.1.5\zedgraph.dll: note: first seen type is used; re-order imported assemblies to use the current type
  c:\users\xtended\source\repos\ret\zedgraph_dll_v5.1.5\zedgraph.dll: note: This diagnostic occurred while importing type 'ZedGraph.Legend' from assembly 'ZedGraph, Version=5.1.5.28844, Culture=neutral, PublicKeyToken=02a83cbd123fcd60'.
c:\users\xtended\source\repos\ret\zedgraph_dll_v5.1.5\zedgraph.dll : warning C4945: 'HSBColor': cannot import symbol from 'c:\users\xtended\source\repos\ret\zedgraph_dll_v5.1.5\zedgraph.dll': as 'ZedGraph::HSBColor' has already been imported from another assembly 'ZedGraph'
  c:\users\xtended\source\repos\ret\zedgraph_dll_v5.1.5\zedgraph.dll: note: first seen type is used; re-order imported assemblies to use the current type
  c:\users\xtended\source\repos\ret\zedgraph_dll_v5.1.5\zedgraph.dll: note: This diagnostic occurred while importing type 'ZedGraph.HSBColor' from assembly 'ZedGraph, Version=5.1.5.28844, Culture=neutral, PublicKeyToken=02a83cbd123fcd60'.
c:\users\xtended\source\repos\ret\zedgraph_dll_v5.1.5\zedgraph.dll : warning C4945: 'StickItem': cannot import symbol from 'c:\users\xtended\source\repos\ret\zedgraph_dll_v5.1.5\zedgraph.dll': as 'ZedGraph::StickItem' has already been imported from another assembly 'ZedGraph'
  c:\users\xtended\source\repos\ret\zedgraph_dll_v5.1.5\zedgraph.dll: note: first seen type is used; re-order imported assemblies to use the current type
  c:\users\xtended\source\repos\ret\zedgraph_dll_v5.1.5\zedgraph.dll: note: This diagnostic occurred while importing type 'ZedGraph.StickItem' from assembly 'ZedGraph, Version=5.1.5.28844, Culture=neutral, PublicKeyToken=02a83cbd123fcd60'.
c:\users\xtended\source\repos\ret\zedgraph_dll_v5.1.5\zedgraph.dll : warning C4945: 'Fill': cannot import symbol from 'c:\users\xtended\source\repos\ret\zedgraph_dll_v5.1.5\zedgraph.dll': as 'ZedGraph::Fill' has already been imported from another assembly 'ZedGraph'
  c:\users\xtended\source\repos\ret\zedgraph_dll_v5.1.5\zedgraph.dll: note: first seen type is used; re-order imported assemblies to use the current type
  c:\users\xtended\source\repos\ret\zedgraph_dll_v5.1.5\zedgraph.dll: note: This diagnostic occurred while importing type 'ZedGraph.Fill' from assembly 'ZedGraph, Version=5.1.5.28844, Culture=neutral, PublicKeyToken=02a83cbd123fcd60'.
c:\users\xtended\source\repos\ret\zedgraph_dll_v5.1.5\zedgraph.dll : warning C4945: 'BasicArrayPointList': cannot import symbol from 'c:\users\xtended\source\repos\ret\zedgraph_dll_v5.1.5\zedgraph.dll': as 'ZedGraph::BasicArrayPointList' has already been imported from another assembly 'ZedGraph'
  c:\users\xtended\source\repos\ret\zedgraph_dll_v5.1.5\zedgraph.dll: note: first seen type is used; re-order imported assemblies to use the current type
  c:\users\xtended\source\repos\ret\zedgraph_dll_v5.1.5\zedgraph.dll: note: This diagnostic occurred while importing type 'ZedGraph.BasicArrayPointList' from assembly 'ZedGraph, Version=5.1.5.28844, Culture=neutral, PublicKeyToken=02a83cbd123fcd60'.
c:\users\xtended\source\repos\lab6\lab3\rk4.h(23): warning C4101: 'v1': unreferenced local variable
c:\users\xtended\source\repos\lab6\lab3\myform.h(1402): warning C4244: 'initializing': conversion from 'double' to 'int', possible loss of data
c:\users\xtended\source\repos\lab6\lab3\myform.h(1490): warning C4244: 'initializing': conversion from 'double' to 'int', possible loss of data
c:\users\xtended\source\repos\lab6\lab3\myform.h(1571): warning C4244: 'initializing': conversion from 'double' to 'int', possible loss of data
c:\users\xtended\source\repos\lab6\lab3\myform.h(1635): warning C4244: 'initializing': conversion from 'double' to 'int', possible loss of data
c:\users\xtended\source\repos\lab6\lab3\myform.h(1762): warning C4244: 'initializing': conversion from 'double' to 'int', possible loss of data
c:\users\xtended\source\repos\lab6\lab3\myform.h(1853): warning C4244: 'initializing': conversion from 'double' to 'int', possible loss of data
c:\users\xtended\source\repos\lab6\lab3\myform.h(1894): warning C4244: 'initializing': conversion from 'double' to 'int', possible loss of data
c:\users\xtended\source\repos\lab6\lab3\function.h(24): warning C4715: 'function': not all control paths return a value
  .NETFramework,Version=v4.6.1.AssemblyAttributes.cpp
  MyForm.obj : MSIL module encountered; incremental linking is disabled for MSIL; performing full link
  Lab3.vcxproj -> C:\Users\Xtended\source\repos\Lab6\Debug\Lab3.exe
